20230514	20:11:40	945d3993-badf-4e73-ae89-97621a03e789	Error: Not allowed by CORS	OPTIONS	/	https://m.youtube.com
20230514	20:11:40	4388535d-fe7c-4bde-8db4-0b22cae3b656	Error: Not allowed by CORS	GET	/	https://m.youtube.com
20230515	18:15:05	4907a614-1495-4108-bab2-3f697bae7588	ReferenceError: Users is not defined	GET	/users/	undefined
20230515	18:15:33	68b98f34-98e3-44b8-aba9-ccd6672e51e8	Error: Cannot set headers after they are sent to the client	GET	/users/	undefined
20230515	20:33:19	f84c8d68-562b-4132-a900-b40d2bf7debf	ValidationError: User validation failed: password: Path `password` is required., username: Path `username` is required.	POST	/users/	undefined
20230515	20:34:17	e09d102d-41d4-4803-a23a-a4631b140f1c	ValidationError: User validation failed: password: Path `password` is required., username: Path `username` is required.	POST	/users/	undefined
20230515	20:38:06	193c4569-46f6-472a-89ce-145eec8222a2	ValidationError: User validation failed: password: Path `password` is required., username: Path `username` is required.	POST	/users/	undefined
20230515	20:40:22	bfb82c90-8fb4-4b07-87e3-1e903ec52539	Error: Cannot set headers after they are sent to the client	GET	/users/	undefined
20230515	20:40:30	9a543bc3-f447-443a-9c65-91739538c912	ValidationError: User validation failed: password: Path `password` is required., username: Path `username` is required.	POST	/users/	undefined
20230515	21:04:51	6d33dda5-0af2-4d2e-8de2-ce8693da36df	TypeError: Cannot read properties of undefined (reading 'toString')	PATCH	/users/	undefined
20230515	21:05:20	6a106467-2ced-43b7-86b3-36b38c175520	TypeError: Cannot read properties of undefined (reading 'toString')	PATCH	/users/	undefined
20230515	21:07:29	8021273e-81a0-467f-b03f-d6a24e5ebb68	TypeError: Cannot read properties of undefined (reading 'toString')	PATCH	/users/	undefined
20230515	21:10:13	ad927751-f476-4517-a492-bd172921dae0	TypeError: Cannot read properties of undefined (reading 'toString')	PATCH	/users/	undefined
20230515	21:10:52	c2711e0f-a469-471e-8ab4-ff199d5c1877	TypeError: Cannot read properties of undefined (reading 'toString')	PATCH	/users/	undefined
20230515	21:11:11	c1ab1689-ab44-43a4-bb3b-95adce18460b	TypeError: Cannot read properties of undefined (reading 'toString')	PATCH	/users/	undefined
20230515	21:11:26	3c035a46-8405-465f-abc8-9ec6e39221d5	TypeError: Cannot read properties of undefined (reading 'toString')	PATCH	/users/	undefined
20230515	21:12:03	e942df42-2875-48b3-b52d-7447645a7dc2	TypeError: Cannot read properties of undefined (reading 'toString')	PATCH	/users/	undefined
20230515	21:12:35	41f52a69-ce03-4f00-9379-ca00a7ab1150	TypeError: Cannot read properties of undefined (reading 'toString')	PATCH	/users/	undefined
20230515	21:13:14	de9d6d48-9be2-465c-a09b-f0d6cd27a21f	TypeError: Cannot read properties of undefined (reading 'toString')	PATCH	/users/	undefined
20230515	21:13:43	baed7149-287f-40ae-9a77-598522261dd2	TypeError: Cannot read properties of undefined (reading 'toString')	PATCH	/users/	undefined
20230515	21:13:45	7075f0c4-fbd0-4eb9-a468-f545eb045800	TypeError: Cannot read properties of undefined (reading 'toString')	PATCH	/users/	undefined
20230515	21:14:46	a030698f-7730-44a0-b4e8-bb52e53786fd	TypeError: Cannot read properties of undefined (reading 'toString')	PATCH	/users/	undefined
20230515	21:17:39	0ef12ccd-b330-4c33-8234-ff0b1cf938a8	Error: Cannot set headers after they are sent to the client	PATCH	/users/	undefined
