20230514	16:56:31	1dff5086-5a55-4d39-84fc-b13e497eea2d	GET	/	undefined
20230514	16:56:31	4a11950d-7a5f-479d-a9a9-2fe7661a048b	GET	/favicon.ico	undefined
20230514	16:56:33	6370ea86-7c07-4619-86ff-7da92e42f607	GET	/	undefined
20230514	16:56:40	156babc1-0d25-4fcf-8448-f6520389b806	GET	/	undefined
20230514	18:48:27	fc69cfed-126e-427a-b6b3-672b195cec89	OPTIONS	/	https://www.google.com
20230514	18:48:27	f350cbdc-4c6b-4acc-aad8-d61f5842eb38	GET	/	https://www.google.com
20230514	20:11:24	c79b0fd9-87c5-4db5-aa59-1adff316ddfe	OPTIONS	/	https://www.google.com
20230514	20:11:24	a75c5fb4-6917-43ea-a377-020a45600c20	GET	/	https://www.google.com
20230514	20:11:40	ceed5299-1d45-45e5-868d-833c427fd5bf	OPTIONS	/	https://m.youtube.com
20230514	20:11:40	0b7c6cdd-7ea4-45da-a9a8-0944b778335d	GET	/	https://m.youtube.com
20230515	18:15:05	7246e5ff-adaf-4524-a59a-83a864ab6551	GET	/users/	undefined
20230515	18:15:33	686cd213-616e-4b51-a506-a747c3b1f3d1	GET	/users/	undefined
20230515	20:33:17	cd5ae4d8-4e72-4997-875c-c9b37efa2851	POST	/users/	undefined
20230515	20:34:16	9c7ab487-cd43-4161-bc89-34d00b4b4ff8	POST	/users/	undefined
20230515	20:38:05	f2977303-e5a5-47f5-974c-971c431b2be9	POST	/users/	undefined
20230515	20:40:22	bb389bcf-b04a-45cb-b78e-d2df24edf72b	GET	/users/	undefined
20230515	20:40:30	87cd89c8-cef4-4535-8ce1-70ade667b482	POST	/users/	undefined
20230515	20:41:01	2dfc027a-e1d4-49ec-92a1-64315648f873	POST	/users/	undefined
20230515	20:41:06	64d117b8-9a2d-477a-9a46-8d9db9cdadbb	GET	/users/	undefined
20230515	20:41:31	5d058fef-bfa6-4ec3-8c8b-ddb29365a2d8	POST	/users/	undefined
20230515	20:41:37	1dea82ec-e395-41c1-af6b-705c47efffe4	GET	/users/	undefined
20230515	20:43:35	cb51d72c-e33f-4d7b-8db5-7ecc44e41aa2	GET	/users/	undefined
20230515	20:43:49	8b7842cb-beda-42b3-98a2-1e2e54c14eb7	GET	/users/	undefined
20230515	20:44:02	f3e8ee9d-1faa-4647-9266-5cf85ee41a7f	GET	/users/	undefined
20230515	20:46:52	9908c1c8-a35d-4518-bad6-e4991ad500e2	POST	/users/	undefined
20230515	20:47:00	9e0b531c-e14f-4537-bb76-7d42e5747d14	GET	/users/	undefined
20230515	20:48:28	f154b5ea-6096-4a6b-9484-a37513d7509f	POST	/users/	undefined
20230515	20:54:35	fcfd2258-07ef-4f20-ae98-039eff2bbe2a	POST	/users/	undefined
20230515	20:54:39	11dbcaad-e946-41cc-bb99-4ad161765b4f	POST	/users/	undefined
20230515	20:54:44	e0257f0a-9cd7-4842-852a-f6d2be92465b	GET	/users/	undefined
20230515	20:58:17	66ddcbc6-5fc1-4e9f-92cc-8fd7a34ee568	POST	/users/	undefined
20230515	20:58:44	d4a93bfd-75a7-4d91-a80a-0a51c98a30d5	GET	/users/	undefined
20230515	20:59:07	f3b85eba-053d-4c7e-9874-67f0e2ba066e	DELETE	/users/	undefined
20230515	20:59:18	f66eda47-cb4c-4be1-9299-64745446f4cc	DELETE	/users/	undefined
20230515	20:59:22	d397b636-154f-455c-a52c-8aaa7523007e	GET	/users/	undefined
20230515	20:59:51	2e7b18d8-7d82-44b5-bca6-ea9baf74e2e1	DELETE	/users/	undefined
20230515	21:00:01	e5833b96-53c4-402e-be6c-4c673f9ebc55	DELETE	/users/	undefined
20230515	21:00:06	56ecb7b3-373a-45ea-bf18-caf80ebbeb13	GET	/users/	undefined
20230515	21:00:29	b120e268-19b1-4af7-b493-b3e64eead4a9	DELETE	/users/	undefined
20230515	21:00:35	d352521f-28b2-4bd3-864d-3eba34f40391	GET	/users/	undefined
20230515	21:00:39	e81ee1b2-daf3-4b59-915f-397ffe082330	POST	/users/	undefined
20230515	21:00:47	d176c5df-0bb0-494f-a48f-022ec088a500	GET	/users/	undefined
20230515	21:04:51	c52ee7aa-accd-4d73-99e9-2f2978331415	PATCH	/users/	undefined
20230515	21:05:11	0474f987-4064-466b-a34f-5c6a2d075ede	GET	/users/	undefined
20230515	21:05:20	a2e4e2a1-3d3c-4ed6-b567-744fb0c53caf	PATCH	/users/	undefined
20230515	21:07:13	84e21829-2ac0-44a3-8386-474ac6ffefc2	GET	/users/	undefined
20230515	21:07:29	ca83891b-665f-4b05-9e04-f5dd518fb5ec	PATCH	/users/	undefined
20230515	21:07:36	09c37155-0117-4260-9788-569dfdd17f52	GET	/users/	undefined
20230515	21:10:13	342b1fd3-fa48-4b71-a748-13aab14dbcc5	PATCH	/users/	undefined
20230515	21:10:52	41ea172e-1324-45d4-b211-229b5552e797	PATCH	/users/	undefined
20230515	21:11:11	bccadf27-7b8a-47ea-9231-ac121e26b865	PATCH	/users/	undefined
20230515	21:11:19	de312e73-fa52-4246-bc3c-383aa7370df3	GET	/users/	undefined
20230515	21:11:26	8ce32748-25e2-488b-9e4b-20287ed600ea	PATCH	/users/	undefined
20230515	21:12:03	35568f73-6f45-4eea-9680-f39296435dfe	PATCH	/users/	undefined
20230515	21:12:34	e63efb8d-17ad-4218-a0bf-b68c2c3c58d6	PATCH	/users/	undefined
20230515	21:12:40	24e795f3-0207-4fea-b3b4-ea1e9142dbcb	GET	/users/	undefined
20230515	21:12:53	fbe1f19f-058c-4e26-b5f5-e64038cf8427	PATCH	/users/	undefined
20230515	21:13:14	e99abbeb-7b88-4487-8dfb-ff6383eabe1b	PATCH	/users/	undefined
20230515	21:13:43	edbddbc8-9a8d-4f67-9a0b-fadab6ff1412	PATCH	/users/	undefined
20230515	21:13:45	182d2737-72f6-41b0-9ab6-9f97d7b13368	PATCH	/users/	undefined
20230515	21:14:46	2491f96f-b35e-4bfc-9515-b489672d80ad	PATCH	/users/	undefined
20230515	21:15:04	4fc80a10-c116-423b-8231-152095c27a44	PATCH	/users/	undefined
20230515	21:15:13	6d86d5f5-fa73-41d8-bcd3-e88d455dbd61	GET	/users/	undefined
20230515	21:16:21	803f60e6-7e34-4fe1-8e85-583a5bc50dee	PATCH	/users/	undefined
20230515	21:16:28	97fe32dc-87e0-4163-bef0-3223f347f04e	GET	/users/	undefined
20230515	21:17:38	75dca7e0-6181-44f1-8e32-605e4bd45fcd	PATCH	/users/	undefined
